<?xml version="1.0" encoding="UTF-8"?>
<!-- Generated by org.testng.reporters.JUnitXMLReporter -->
<testsuite hostname="Silfredo_Mora" name="Command line test 705d7985-9e9f-437a-bf33-4f09204c214b" tests="1" failures="1" timestamp="13 Mar 2017 18:35:21 GMT" time="39.34" errors="0">
  <testcase name="feature" time="38.712" classname="runnerFiles.Regression_Core_FeatureRunner">
    <failure type="cucumber.runtime.CucumberException" message="java.lang.AssertionError: expected [google intro] but found [Google.co.ve ofrecido en: English]">
      <![CDATA[cucumber.runtime.CucumberException: java.lang.AssertionError: expected [google intro] but found [Google.co.ve ofrecido en: English]
	at cucumber.api.testng.TestNGCucumberRunner.runCucumber(TestNGCucumberRunner.java:69)
	at cucumber.api.testng.AbstractTestNGCucumberTests.feature(AbstractTestNGCucumberTests.java:21)
	at org.apache.maven.surefire.testng.TestNGExecutor.run(TestNGExecutor.java:91)
	at org.apache.maven.surefire.testng.TestNGDirectoryTestSuite.executeSingleClass(TestNGDirectoryTestSuite.java:128)
	at org.apache.maven.surefire.testng.TestNGDirectoryTestSuite.execute(TestNGDirectoryTestSuite.java:112)
	at org.apache.maven.surefire.testng.TestNGProvider.invoke(TestNGProvider.java:113)
	at org.apache.maven.surefire.booter.ForkedBooter.invokeProviderInSameClassLoader(ForkedBooter.java:200)
	at org.apache.maven.surefire.booter.ForkedBooter.runSuitesInProcess(ForkedBooter.java:153)
	at org.apache.maven.surefire.booter.ForkedBooter.main(ForkedBooter.java:103)
Caused by: java.lang.AssertionError: expected [google intro] but found [Google.co.ve ofrecido en: English]
	at stepDefs.TestCases.navigate_to_google_site(TestCases.java:31)
	at âœ½.Given Navigate to google(Test.feature:5)
... Removed 26 stack frames]]>
    </failure>
  </testcase> <!-- feature -->
</testsuite> <!-- Command line test 705d7985-9e9f-437a-bf33-4f09204c214b -->
