<?xml version="1.0" encoding="UTF-8"?>
<!-- Generated by org.testng.reporters.JUnitXMLReporter -->
<testsuite hostname="KCSystem" name="Command line test 46ec36f8-40e1-4835-bacb-238ba8ab8b98" tests="1" failures="1" timestamp="15 Mar 2017 23:39:49 GMT" time="15.503" errors="0">
  <testcase name="feature" time="14.263" classname="runnerFiles.Regression_Core_FeatureRunner">
    <failure type="cucumber.runtime.CucumberException" message="cucumber.runtime.CucumberException: Arity mismatch: Step Definition &amp;apos;stepDefs.TestCases.Ingreso_registro(String,String,String) in file:/home/kcolinap/Documentos/virtualbox/coding%20club%20selenium/VPCodingClub-master/VPCodingClub-master/SeleniumCucumberMaster/target/test-classes/&amp;apos; with pattern [^Registro como:$] is declared with 3 parameters. However, the gherkin step has 1 arguments [Table:[[name, email, pass1], [usr1, usr1@gmail.com, 1234]]]. 
Step: When Registro como:">
      <![CDATA[cucumber.runtime.CucumberException: cucumber.runtime.CucumberException: Arity mismatch: Step Definition 'stepDefs.TestCases.Ingreso_registro(String,String,String) in file:/home/kcolinap/Documentos/virtualbox/coding%20club%20selenium/VPCodingClub-master/VPCodingClub-master/SeleniumCucumberMaster/target/test-classes/' with pattern [^Registro como:$] is declared with 3 parameters. However, the gherkin step has 1 arguments [Table:[[name, email, pass1], [usr1, usr1@gmail.com, 1234]]]. 
Step: When Registro como:
	at cucumber.api.testng.TestNGCucumberRunner.runCucumber(TestNGCucumberRunner.java:69)
	at cucumber.api.testng.AbstractTestNGCucumberTests.feature(AbstractTestNGCucumberTests.java:21)
	at org.apache.maven.surefire.testng.TestNGExecutor.run(TestNGExecutor.java:91)
	at org.apache.maven.surefire.testng.TestNGDirectoryTestSuite.executeSingleClass(TestNGDirectoryTestSuite.java:128)
	at org.apache.maven.surefire.testng.TestNGDirectoryTestSuite.execute(TestNGDirectoryTestSuite.java:112)
	at org.apache.maven.surefire.testng.TestNGProvider.invoke(TestNGProvider.java:113)
	at org.apache.maven.surefire.booter.ForkedBooter.invokeProviderInSameClassLoader(ForkedBooter.java:200)
	at org.apache.maven.surefire.booter.ForkedBooter.runSuitesInProcess(ForkedBooter.java:153)
	at org.apache.maven.surefire.booter.ForkedBooter.main(ForkedBooter.java:103)
Caused by: cucumber.runtime.CucumberException: Arity mismatch: Step Definition 'stepDefs.TestCases.Ingreso_registro(String,String,String) in file:/home/kcolinap/Documentos/virtualbox/coding%20club%20selenium/VPCodingClub-master/VPCodingClub-master/SeleniumCucumberMaster/target/test-classes/' with pattern [^Registro como:$] is declared with 3 parameters. However, the gherkin step has 1 arguments [Table:[[name, email, pass1], [usr1, usr1@gmail.com, 1234]]]. 
Step: When Registro como:
	at cucumber.runtime.StepDefinitionMatch.arityMismatch(StepDefinitionMatch.java:102)
	at cucumber.runtime.StepDefinitionMatch.transformedArgs(StepDefinitionMatch.java:60)
	at cucumber.runtime.StepDefinitionMatch.runStep(StepDefinitionMatch.java:37)
	at cucumber.runtime.Runtime.runStep(Runtime.java:299)
	at cucumber.runtime.model.StepContainer.runStep(StepContainer.java:44)
	at cucumber.runtime.model.StepContainer.runSteps(StepContainer.java:39)
	at cucumber.runtime.model.CucumberScenario.run(CucumberScenario.java:44)
	at cucumber.runtime.model.CucumberFeature.run(CucumberFeature.java:165)
	at cucumber.api.testng.TestNGCucumberRunner.runCucumber(TestNGCucumberRunner.java:63)
	... 29 more
... Removed 21 stack frames]]>
    </failure>
  </testcase> <!-- feature -->
</testsuite> <!-- Command line test 46ec36f8-40e1-4835-bacb-238ba8ab8b98 -->
